Updated file E:\study\uiautomator\build.xml
Buildfile: E:\study\uiautomator\build.xml

-check-env:
 [checkenv] Android SDK Tools Revision 23.0.2
 [checkenv] Installed at E:\study\adt-bundle-windows-x86_64-20140702\sdk

-build-setup:
[getbuildtools] Using latest Build Tools: 20.0.0
     [echo] Resolving Build Target for uiautomatertest...
[getuitarget] Project Target:   Android 4.4W
[getuitarget] API level:        20
     [echo] ----------
     [echo] Creating output directories if needed...

-pre-compile:

compile:
    [javac] Compiling 2 source files to E:\study\uiautomator\bin\classes

-post-compile:

-dex:
      [dex] input: E:\study\uiautomator\bin\classes
      [dex] Found Deleted Target File
      [dex] Converting compiled files and external libraries into E:\study\uiautomator\bin\classes.dex...

-post-dex:

-jar:
      [jar] Building jar: E:\study\uiautomator\bin\uiautomatertest.jar

-post-jar:

build:

BUILD SUCCESSFUL
Total time: 10 seconds
adb server is out of date.  killing...
* daemon started successfully *
error: device not found
error: device not found
error: device not found
error: device not found
Updated file E:\study\uiautomator\build.xml
Buildfile: E:\study\uiautomator\build.xml

-check-env:
 [checkenv] Android SDK Tools Revision 23.0.2
 [checkenv] Installed at E:\study\adt-bundle-windows-x86_64-20140702\sdk

-build-setup:
[getbuildtools] Using latest Build Tools: 20.0.0
     [echo] Resolving Build Target for uiautomatertest...
[getuitarget] Project Target:   Android 4.4W
[getuitarget] API level:        20
     [echo] ----------
     [echo] Creating output directories if needed...

-pre-compile:

compile:
    [javac] Compiling 1 source file to E:\study\uiautomator\bin\classes

-post-compile:

-dex:
      [dex] input: E:\study\uiautomator\bin\classes
      [dex] Found Deleted Target File
      [dex] Converting compiled files and external libraries into E:\study\uiautomator\bin\classes.dex...

-post-dex:

-jar:
      [jar] Building jar: E:\study\uiautomator\bin\uiautomatertest.jar

-post-jar:

build:

BUILD SUCCESSFUL
Total time: 5 seconds
28 KB/s (6162 bytes in 0.210s)
INSTRUMENTATION_STATUS: numtests=1

INSTRUMENTATION_STATUS: stream=

com.Test1:

INSTRUMENTATION_STATUS: id=UiAutomatorTestRunner

INSTRUMENTATION_STATUS: test=testMenu

INSTRUMENTATION_STATUS: class=com.Test1

INSTRUMENTATION_STATUS: current=1

INSTRUMENTATION_STATUS_CODE: 1

INSTRUMENTATION_STATUS: numtests=1

INSTRUMENTATION_STATUS: stream=.

INSTRUMENTATION_STATUS: id=UiAutomatorTestRunner

INSTRUMENTATION_STATUS: test=testMenu

INSTRUMENTATION_STATUS: class=com.Test1

INSTRUMENTATION_STATUS: current=1

INSTRUMENTATION_STATUS_CODE: 0

INSTRUMENTATION_STATUS: stream=

Test results for WatcherResultPrinter=.

Time: 0.546



OK (1 test)





INSTRUMENTATION_STATUS_CODE: -1

Updated file E:\study\uiautomator\build.xml
Buildfile: E:\study\uiautomator\build.xml

-check-env:
 [checkenv] Android SDK Tools Revision 23.0.2
 [checkenv] Installed at E:\study\adt-bundle-windows-x86_64-20140702\sdk

-build-setup:
[getbuildtools] Using latest Build Tools: 20.0.0
     [echo] Resolving Build Target for uiautomatertest...
[getuitarget] Project Target:   Android 4.4W
[getuitarget] API level:        20
     [echo] ----------
     [echo] Creating output directories if needed...

-pre-compile:

compile:
    [javac] Compiling 1 source file to E:\study\uiautomator\bin\classes

-post-compile:

-dex:
      [dex] input: E:\study\uiautomator\bin\classes
      [dex] Found Deleted Target File
      [dex] Converting compiled files and external libraries into E:\study\uiautomator\bin\classes.dex...

-post-dex:

-jar:
      [jar] Building jar: E:\study\uiautomator\bin\uiautomatertest.jar

-post-jar:

build:

BUILD SUCCESSFUL
Total time: 5 seconds
11 KB/s (6161 bytes in 0.543s)
INSTRUMENTATION_STATUS: numtests=1

INSTRUMENTATION_STATUS: stream=

com.Test1:

INSTRUMENTATION_STATUS: id=UiAutomatorTestRunner

INSTRUMENTATION_STATUS: test=testHome

INSTRUMENTATION_STATUS: class=com.Test1

INSTRUMENTATION_STATUS: current=1

INSTRUMENTATION_STATUS_CODE: 1

INSTRUMENTATION_STATUS: numtests=1

INSTRUMENTATION_STATUS: stream=.

INSTRUMENTATION_STATUS: id=UiAutomatorTestRunner

INSTRUMENTATION_STATUS: test=testHome

INSTRUMENTATION_STATUS: class=com.Test1

INSTRUMENTATION_STATUS: current=1

INSTRUMENTATION_STATUS_CODE: 0

INSTRUMENTATION_STATUS: stream=

Test results for WatcherResultPrinter=.

Time: 1.558



OK (1 test)





INSTRUMENTATION_STATUS_CODE: -1

Updated file E:\study\uiautomator\build.xml
Buildfile: E:\study\uiautomator\build.xml

-check-env:
 [checkenv] Android SDK Tools Revision 23.0.2
 [checkenv] Installed at E:\study\adt-bundle-windows-x86_64-20140702\sdk

-build-setup:
[getbuildtools] Using latest Build Tools: 20.0.0
     [echo] Resolving Build Target for uiautomatertest...
[getuitarget] Project Target:   Android 4.4W
[getuitarget] API level:        20
     [echo] ----------
     [echo] Creating output directories if needed...

-pre-compile:

compile:
    [javac] Compiling 1 source file to E:\study\uiautomator\bin\classes
    [javac] E:\study\uiautomator\src\com\Test1.java:36: ¾¯¸æ: ±àÂëUTF-8µÄ²»¿ÉÓ³Éä×Ö·û
    [javac] 		UiObject ofo = new UiObject(new UiSelector().packageName("OFO??????"));
    [javac] 		                                                             ^
    [javac] E:\study\uiautomator\src\com\Test1.java:36: ¾¯¸æ: ±àÂëUTF-8µÄ²»¿ÉÓ³Éä×Ö·û
    [javac] 		UiObject ofo = new UiObject(new UiSelector().packageName("OFO??????"));
    [javac] 		                                                              ^
    [javac] E:\study\uiautomator\src\com\Test1.java:36: ¾¯¸æ: ±àÂëUTF-8µÄ²»¿ÉÓ³Éä×Ö·û
    [javac] 		UiObject ofo = new UiObject(new UiSelector().packageName("OFO??????"));
    [javac] 		                                                               ^
    [javac] E:\study\uiautomator\src\com\Test1.java:36: ¾¯¸æ: ±àÂëUTF-8µÄ²»¿ÉÓ³Éä×Ö·û
    [javac] 		UiObject ofo = new UiObject(new UiSelector().packageName("OFO??????"));
    [javac] 		                                                                 ^
    [javac] E:\study\uiautomator\src\com\Test1.java:36: ¾¯¸æ: ±àÂëUTF-8µÄ²»¿ÉÓ³Éä×Ö·û
    [javac] 		UiObject ofo = new UiObject(new UiSelector().packageName("OFO??????"));
    [javac] 		                                                                  ^
    [javac] 5 ¸ö¾¯¸æ

-post-compile:

-dex:
      [dex] input: E:\study\uiautomator\bin\classes
      [dex] Found Deleted Target File
      [dex] Converting compiled files and external libraries into E:\study\uiautomator\bin\classes.dex...

-post-dex:

-jar:
      [jar] Building jar: E:\study\uiautomator\bin\uiautomatertest.jar

-post-jar:

build:

BUILD SUCCESSFUL
Total time: 4 seconds
9 KB/s (6246 bytes in 0.664s)
INSTRUMENTATION_STATUS: numtests=1

INSTRUMENTATION_STATUS: stream=

com.Test1:

INSTRUMENTATION_STATUS: id=UiAutomatorTestRunner

INSTRUMENTATION_STATUS: test=testOFO

INSTRUMENTATION_STATUS: class=com.Test1

INSTRUMENTATION_STATUS: current=1

INSTRUMENTATION_STATUS_CODE: 1

INSTRUMENTATION_STATUS: numtests=1

INSTRUMENTATION_STATUS: stream=

Error in testOFO:

com.android.uiautomator.core.UiObjectNotFoundException: UiSelector[PACKAGE NAME=OFOï¿½ï¿½ï¿?ï¿½ï¿½]

	at com.android.uiautomator.core.UiObject.clickAndWaitForNewWindow(UiObject.java:432)

	at com.android.uiautomator.core.UiObject.clickAndWaitForNewWindow(UiObject.java:410)

	at com.Test1.testOFO(Test1.java:37)

	at java.lang.reflect.Method.invokeNative(Native Method)

	at com.android.uiautomator.testrunner.UiAutomatorTestRunner.start(UiAutomatorTestRunner.java:160)

	at com.android.uiautomator.testrunner.UiAutomatorTestRunner.run(UiAutomatorTestRunner.java:96)

	at com.android.commands.uiautomator.RunTestCommand.run(RunTestCommand.java:91)

	at com.android.commands.uiautomator.Launcher.main(Launcher.java:83)

	at com.android.internal.os.RuntimeInit.nativeFinishInit(Native Method)

	at com.android.internal.os.RuntimeInit.main(RuntimeInit.java:258)

	at dalvik.system.NativeStart.main(Native Method)



INSTRUMENTATION_STATUS: id=UiAutomatorTestRunner

INSTRUMENTATION_STATUS: test=testOFO

INSTRUMENTATION_STATUS: class=com.Test1

INSTRUMENTATION_STATUS: stack=com.android.uiautomator.core.UiObjectNotFoundException: UiSelector[PACKAGE NAME=OFOï¿½ï¿½ï¿?ï¿½ï¿½]

	at com.android.uiautomator.core.UiObject.clickAndWaitForNewWindow(UiObject.java:432)

	at com.android.uiautomator.core.UiObject.clickAndWaitForNewWindow(UiObject.java:410)

	at com.Test1.testOFO(Test1.java:37)

	at java.lang.reflect.Method.invokeNative(Native Method)

	at com.android.uiautomator.testrunner.UiAutomatorTestRunner.start(UiAutomatorTestRunner.java:160)

	at com.android.uiautomator.testrunner.UiAutomatorTestRunner.run(UiAutomatorTestRunner.java:96)

	at com.android.commands.uiautomator.RunTestCommand.run(RunTestCommand.java:91)

	at com.android.commands.uiautomator.Launcher.main(Launcher.java:83)

	at com.android.internal.os.RuntimeInit.nativeFinishInit(Native Method)

	at com.android.internal.os.RuntimeInit.main(RuntimeInit.java:258)

	at dalvik.system.NativeStart.main(Native Method)



INSTRUMENTATION_STATUS: current=1

INSTRUMENTATION_STATUS_CODE: -1

INSTRUMENTATION_STATUS: stream=

Test results for WatcherResultPrinter=.E

Time: 13.821



FAILURES!!!

Tests run: 1,  Failures: 0,  Errors: 1





INSTRUMENTATION_STATUS_CODE: -1

Updated file E:\study\uiautomator\build.xml
Buildfile: E:\study\uiautomator\build.xml

-check-env:
 [checkenv] Android SDK Tools Revision 23.0.2
 [checkenv] Installed at E:\study\adt-bundle-windows-x86_64-20140702\sdk

-build-setup:
[getbuildtools] Using latest Build Tools: 20.0.0
     [echo] Resolving Build Target for uiautomatertest...
[getuitarget] Project Target:   Android 4.4W
[getuitarget] API level:        20
     [echo] ----------
     [echo] Creating output directories if needed...

-pre-compile:

compile:
    [javac] Compiling 1 source file to E:\study\uiautomator\bin\classes
    [javac] E:\study\uiautomator\src\com\Test1.java:36: ¾¯¸æ: ±àÂëUTF-8µÄ²»¿ÉÓ³Éä×Ö·û
    [javac] 		UiObject ofo = new UiObject(new UiSelector().text("OFO??????"));
    [javac] 		                                                      ^
    [javac] E:\study\uiautomator\src\com\Test1.java:36: ¾¯¸æ: ±àÂëUTF-8µÄ²»¿ÉÓ³Éä×Ö·û
    [javac] 		UiObject ofo = new UiObject(new UiSelector().text("OFO??????"));
    [javac] 		                                                       ^
    [javac] E:\study\uiautomator\src\com\Test1.java:36: ¾¯¸æ: ±àÂëUTF-8µÄ²»¿ÉÓ³Éä×Ö·û
    [javac] 		UiObject ofo = new UiObject(new UiSelector().text("OFO??????"));
    [javac] 		                                                        ^
    [javac] E:\study\uiautomator\src\com\Test1.java:36: ¾¯¸æ: ±àÂëUTF-8µÄ²»¿ÉÓ³Éä×Ö·û
    [javac] 		UiObject ofo = new UiObject(new UiSelector().text("OFO??????"));
    [javac] 		                                                          ^
    [javac] E:\study\uiautomator\src\com\Test1.java:36: ¾¯¸æ: ±àÂëUTF-8µÄ²»¿ÉÓ³Éä×Ö·û
    [javac] 		UiObject ofo = new UiObject(new UiSelector().text("OFO??????"));
    [javac] 		                                                           ^
    [javac] 5 ¸ö¾¯¸æ

-post-compile:

-dex:
      [dex] input: E:\study\uiautomator\bin\classes
      [dex] Found Deleted Target File
      [dex] Converting compiled files and external libraries into E:\study\uiautomator\bin\classes.dex...

-post-dex:

-jar:
      [jar] Building jar: E:\study\uiautomator\bin\uiautomatertest.jar

-post-jar:

build:

BUILD SUCCESSFUL
Total time: 4 seconds
14 KB/s (6242 bytes in 0.434s)
INSTRUMENTATION_STATUS: numtests=1

INSTRUMENTATION_STATUS: stream=

com.Test1:

INSTRUMENTATION_STATUS: id=UiAutomatorTestRunner

INSTRUMENTATION_STATUS: test=testOFO

INSTRUMENTATION_STATUS: class=com.Test1

INSTRUMENTATION_STATUS: current=1

INSTRUMENTATION_STATUS_CODE: 1

INSTRUMENTATION_STATUS: numtests=1

INSTRUMENTATION_STATUS: stream=

Error in testOFO:

com.android.uiautomator.core.UiObjectNotFoundException: UiSelector[TEXT=OFOï¿½ï¿½ï¿?ï¿½ï¿½]

	at com.android.uiautomator.core.UiObject.clickAndWaitForNewWindow(UiObject.java:432)

	at com.android.uiautomator.core.UiObject.clickAndWaitForNewWindow(UiObject.java:410)

	at com.Test1.testOFO(Test1.java:37)

	at java.lang.reflect.Method.invokeNative(Native Method)

	at com.android.uiautomator.testrunner.UiAutomatorTestRunner.start(UiAutomatorTestRunner.java:160)

	at com.android.uiautomator.testrunner.UiAutomatorTestRunner.run(UiAutomatorTestRunner.java:96)

	at com.android.commands.uiautomator.RunTestCommand.run(RunTestCommand.java:91)

	at com.android.commands.uiautomator.Launcher.main(Launcher.java:83)

	at com.android.internal.os.RuntimeInit.nativeFinishInit(Native Method)

	at com.android.internal.os.RuntimeInit.main(RuntimeInit.java:258)

	at dalvik.system.NativeStart.main(Native Method)



INSTRUMENTATION_STATUS: id=UiAutomatorTestRunner

INSTRUMENTATION_STATUS: test=testOFO

INSTRUMENTATION_STATUS: class=com.Test1

INSTRUMENTATION_STATUS: stack=com.android.uiautomator.core.UiObjectNotFoundException: UiSelector[TEXT=OFOï¿½ï¿½ï¿?ï¿½ï¿½]

	at com.android.uiautomator.core.UiObject.clickAndWaitForNewWindow(UiObject.java:432)

	at com.android.uiautomator.core.UiObject.clickAndWaitForNewWindow(UiObject.java:410)

	at com.Test1.testOFO(Test1.java:37)

	at java.lang.reflect.Method.invokeNative(Native Method)

	at com.android.uiautomator.testrunner.UiAutomatorTestRunner.start(UiAutomatorTestRunner.java:160)

	at com.android.uiautomator.testrunner.UiAutomatorTestRunner.run(UiAutomatorTestRunner.java:96)

	at com.android.commands.uiautomator.RunTestCommand.run(RunTestCommand.java:91)

	at com.android.commands.uiautomator.Launcher.main(Launcher.java:83)

	at com.android.internal.os.RuntimeInit.nativeFinishInit(Native Method)

	at com.android.internal.os.RuntimeInit.main(RuntimeInit.java:258)

	at dalvik.system.NativeStart.main(Native Method)



INSTRUMENTATION_STATUS: current=1

INSTRUMENTATION_STATUS_CODE: -1

INSTRUMENTATION_STATUS: stream=

Test results for WatcherResultPrinter=.E

Time: 12.496



FAILURES!!!

Tests run: 1,  Failures: 0,  Errors: 1





INSTRUMENTATION_STATUS_CODE: -1

Updated file E:\study\uiautomator\build.xml
Buildfile: E:\study\uiautomator\build.xml

-check-env:
 [checkenv] Android SDK Tools Revision 23.0.2
 [checkenv] Installed at E:\study\adt-bundle-windows-x86_64-20140702\sdk

-build-setup:
[getbuildtools] Using latest Build Tools: 20.0.0
     [echo] Resolving Build Target for uiautomatertest...
[getuitarget] Project Target:   Android 4.4W
[getuitarget] API level:        20
     [echo] ----------
     [echo] Creating output directories if needed...

-pre-compile:

compile:
    [javac] Compiling 1 source file to E:\study\uiautomator\bin\classes
    [javac] E:\study\uiautomator\src\com\Test1.java:36: ¾¯¸æ: ±àÂëUTF-8µÄ²»¿ÉÓ³Éä×Ö·û
    [javac] 		UiObject ofo = new UiObject(new UiSelector().text("ofo??????"));
    [javac] 		                                                      ^
    [javac] E:\study\uiautomator\src\com\Test1.java:36: ¾¯¸æ: ±àÂëUTF-8µÄ²»¿ÉÓ³Éä×Ö·û
    [javac] 		UiObject ofo = new UiObject(new UiSelector().text("ofo??????"));
    [javac] 		                                                       ^
    [javac] E:\study\uiautomator\src\com\Test1.java:36: ¾¯¸æ: ±àÂëUTF-8µÄ²»¿ÉÓ³Éä×Ö·û
    [javac] 		UiObject ofo = new UiObject(new UiSelector().text("ofo??????"));
    [javac] 		                                                        ^
    [javac] E:\study\uiautomator\src\com\Test1.java:36: ¾¯¸æ: ±àÂëUTF-8µÄ²»¿ÉÓ³Éä×Ö·û
    [javac] 		UiObject ofo = new UiObject(new UiSelector().text("ofo??????"));
    [javac] 		                                                          ^
    [javac] E:\study\uiautomator\src\com\Test1.java:36: ¾¯¸æ: ±àÂëUTF-8µÄ²»¿ÉÓ³Éä×Ö·û
    [javac] 		UiObject ofo = new UiObject(new UiSelector().text("ofo??????"));
    [javac] 		                                                           ^
    [javac] 5 ¸ö¾¯¸æ

-post-compile:

-dex:
      [dex] input: E:\study\uiautomator\bin\classes
      [dex] Found Deleted Target File
      [dex] Converting compiled files and external libraries into E:\study\uiautomator\bin\classes.dex...

-post-dex:

-jar:
      [jar] Building jar: E:\study\uiautomator\bin\uiautomatertest.jar

-post-jar:

build:

BUILD SUCCESSFUL
Total time: 3 seconds
50 KB/s (6249 bytes in 0.120s)
INSTRUMENTATION_STATUS: numtests=1

INSTRUMENTATION_STATUS: stream=

com.Test1:

INSTRUMENTATION_STATUS: id=UiAutomatorTestRunner

INSTRUMENTATION_STATUS: test=testOFO

INSTRUMENTATION_STATUS: class=com.Test1

INSTRUMENTATION_STATUS: current=1

INSTRUMENTATION_STATUS_CODE: 1

INSTRUMENTATION_STATUS: numtests=1

INSTRUMENTATION_STATUS: stream=

Error in testOFO:

com.android.uiautomator.core.UiObjectNotFoundException: UiSelector[TEXT=ofoï¿½ï¿½ï¿?ï¿½ï¿½]

	at com.android.uiautomator.core.UiObject.clickAndWaitForNewWindow(UiObject.java:432)

	at com.android.uiautomator.core.UiObject.clickAndWaitForNewWindow(UiObject.java:410)

	at com.Test1.testOFO(Test1.java:37)

	at java.lang.reflect.Method.invokeNative(Native Method)

	at com.android.uiautomator.testrunner.UiAutomatorTestRunner.start(UiAutomatorTestRunner.java:160)

	at com.android.uiautomator.testrunner.UiAutomatorTestRunner.run(UiAutomatorTestRunner.java:96)

	at com.android.commands.uiautomator.RunTestCommand.run(RunTestCommand.java:91)

	at com.android.commands.uiautomator.Launcher.main(Launcher.java:83)

	at com.android.internal.os.RuntimeInit.nativeFinishInit(Native Method)

	at com.android.internal.os.RuntimeInit.main(RuntimeInit.java:258)

	at dalvik.system.NativeStart.main(Native Method)



INSTRUMENTATION_STATUS: id=UiAutomatorTestRunner

INSTRUMENTATION_STATUS: test=testOFO

INSTRUMENTATION_STATUS: class=com.Test1

INSTRUMENTATION_STATUS: stack=com.android.uiautomator.core.UiObjectNotFoundException: UiSelector[TEXT=ofoï¿½ï¿½ï¿?ï¿½ï¿½]

	at com.android.uiautomator.core.UiObject.clickAndWaitForNewWindow(UiObject.java:432)

	at com.android.uiautomator.core.UiObject.clickAndWaitForNewWindow(UiObject.java:410)

	at com.Test1.testOFO(Test1.java:37)

	at java.lang.reflect.Method.invokeNative(Native Method)

	at com.android.uiautomator.testrunner.UiAutomatorTestRunner.start(UiAutomatorTestRunner.java:160)

	at com.android.uiautomator.testrunner.UiAutomatorTestRunner.run(UiAutomatorTestRunner.java:96)

	at com.android.commands.uiautomator.RunTestCommand.run(RunTestCommand.java:91)

	at com.android.commands.uiautomator.Launcher.main(Launcher.java:83)

	at com.android.internal.os.RuntimeInit.nativeFinishInit(Native Method)

	at com.android.internal.os.RuntimeInit.main(RuntimeInit.java:258)

	at dalvik.system.NativeStart.main(Native Method)



INSTRUMENTATION_STATUS: current=1

INSTRUMENTATION_STATUS_CODE: -1

INSTRUMENTATION_STATUS: stream=

Test results for WatcherResultPrinter=.E

Time: 12.344



FAILURES!!!

Tests run: 1,  Failures: 0,  Errors: 1





INSTRUMENTATION_STATUS_CODE: -1

Updated file E:\study\uiautomator\build.xml
Buildfile: E:\study\uiautomator\build.xml

-check-env:
 [checkenv] Android SDK Tools Revision 23.0.2
 [checkenv] Installed at E:\study\adt-bundle-windows-x86_64-20140702\sdk

-build-setup:
[getbuildtools] Using latest Build Tools: 20.0.0
     [echo] Resolving Build Target for uiautomatertest...
[getuitarget] Project Target:   Android 4.4W
[getuitarget] API level:        20
     [echo] ----------
     [echo] Creating output directories if needed...

-pre-compile:

compile:

-post-compile:

-dex:
      [dex] input: E:\study\uiautomator\bin\classes
      [dex] Found Deleted Target File
      [dex] Converting compiled files and external libraries into E:\study\uiautomator\bin\classes.dex...

-post-dex:

-jar:
      [jar] Building jar: E:\study\uiautomator\bin\uiautomatertest.jar

-post-jar:

build:

BUILD SUCCESSFUL
Total time: 4 seconds
51 KB/s (6249 bytes in 0.119s)
INSTRUMENTATION_STATUS: numtests=1

INSTRUMENTATION_STATUS: stream=

com.Test1:

INSTRUMENTATION_STATUS: id=UiAutomatorTestRunner

INSTRUMENTATION_STATUS: test=testOFO

INSTRUMENTATION_STATUS: class=com.Test1

INSTRUMENTATION_STATUS: current=1

INSTRUMENTATION_STATUS_CODE: 1

INSTRUMENTATION_STATUS: numtests=1

INSTRUMENTATION_STATUS: stream=

Error in testOFO:

com.android.uiautomator.core.UiObjectNotFoundException: UiSelector[TEXT=ofoï¿½ï¿½ï¿½?ï¿½ï¿½]

	at com.android.uiautomator.core.UiObject.clickAndWaitForNewWindow(UiObject.java:432)

	at com.android.uiautomator.core.UiObject.clickAndWaitForNewWindow(UiObject.java:410)

	at com.Test1.testOFO(Test1.java:37)

	at java.lang.reflect.Method.invokeNative(Native Method)

	at com.android.uiautomator.testrunner.UiAutomatorTestRunner.start(UiAutomatorTestRunner.java:160)

	at com.android.uiautomator.testrunner.UiAutomatorTestRunner.run(UiAutomatorTestRunner.java:96)

	at com.android.commands.uiautomator.RunTestCommand.run(RunTestCommand.java:91)

	at com.android.commands.uiautomator.Launcher.main(Launcher.java:83)

	at com.android.internal.os.RuntimeInit.nativeFinishInit(Native Method)

	at com.android.internal.os.RuntimeInit.main(RuntimeInit.java:258)

	at dalvik.system.NativeStart.main(Native Method)



INSTRUMENTATION_STATUS: id=UiAutomatorTestRunner

INSTRUMENTATION_STATUS: test=testOFO

INSTRUMENTATION_STATUS: class=com.Test1

INSTRUMENTATION_STATUS: stack=com.android.uiautomator.core.UiObjectNotFoundException: UiSelector[TEXT=ofoï¿½ï¿½ï¿½?ï¿½ï¿½]

	at com.android.uiautomator.core.UiObject.clickAndWaitForNewWindow(UiObject.java:432)

	at com.android.uiautomator.core.UiObject.clickAndWaitForNewWindow(UiObject.java:410)

	at com.Test1.testOFO(Test1.java:37)

	at java.lang.reflect.Method.invokeNative(Native Method)

	at com.android.uiautomator.testrunner.UiAutomatorTestRunner.start(UiAutomatorTestRunner.java:160)

	at com.android.uiautomator.testrunner.UiAutomatorTestRunner.run(UiAutomatorTestRunner.java:96)

	at com.android.commands.uiautomator.RunTestCommand.run(RunTestCommand.java:91)

	at com.android.commands.uiautomator.Launcher.main(Launcher.java:83)

	at com.android.internal.os.RuntimeInit.nativeFinishInit(Native Method)

	at com.android.internal.os.RuntimeInit.main(RuntimeInit.java:258)

	at dalvik.system.NativeStart.main(Native Method)



INSTRUMENTATION_STATUS: current=1

INSTRUMENTATION_STATUS_CODE: -1

INSTRUMENTATION_STATUS: stream=

Test results for WatcherResultPrinter=.E

Time: 12.528



FAILURES!!!

Tests run: 1,  Failures: 0,  Errors: 1





INSTRUMENTATION_STATUS_CODE: -1

Updated file E:\study\uiautomator\build.xml
Buildfile: E:\study\uiautomator\build.xml

-check-env:
 [checkenv] Android SDK Tools Revision 23.0.2
 [checkenv] Installed at E:\study\adt-bundle-windows-x86_64-20140702\sdk

-build-setup:
[getbuildtools] Using latest Build Tools: 20.0.0
     [echo] Resolving Build Target for uiautomatertest...
[getuitarget] Project Target:   Android 4.4W
[getuitarget] API level:        20
     [echo] ----------
     [echo] Creating output directories if needed...

-pre-compile:

compile:
    [javac] Compiling 1 source file to E:\study\uiautomator\bin\classes

-post-compile:

-dex:
      [dex] input: E:\study\uiautomator\bin\classes
      [dex] Found Deleted Target File
      [dex] Converting compiled files and external libraries into E:\study\uiautomator\bin\classes.dex...

-post-dex:

-jar:
      [jar] Building jar: E:\study\uiautomator\bin\uiautomatertest.jar

-post-jar:

build:

BUILD SUCCESSFUL
Total time: 5 seconds
15 KB/s (6247 bytes in 0.385s)
INSTRUMENTATION_STATUS: numtests=1

INSTRUMENTATION_STATUS: stream=

com.Test1:

INSTRUMENTATION_STATUS: id=UiAutomatorTestRunner

INSTRUMENTATION_STATUS: test=testOFO

INSTRUMENTATION_STATUS: class=com.Test1

INSTRUMENTATION_STATUS: current=1

INSTRUMENTATION_STATUS_CODE: 1

INSTRUMENTATION_STATUS: numtests=1

INSTRUMENTATION_STATUS: stream=.

INSTRUMENTATION_STATUS: id=UiAutomatorTestRunner

INSTRUMENTATION_STATUS: test=testOFO

INSTRUMENTATION_STATUS: class=com.Test1

INSTRUMENTATION_STATUS: current=1

INSTRUMENTATION_STATUS_CODE: 0

INSTRUMENTATION_STATUS: stream=

Test results for WatcherResultPrinter=.

Time: 2.634



OK (1 test)





INSTRUMENTATION_STATUS_CODE: -1

Updated file E:\study\uiautomator\build.xml
Buildfile: E:\study\uiautomator\build.xml

-check-env:
 [checkenv] Android SDK Tools Revision 23.0.2
 [checkenv] Installed at E:\study\adt-bundle-windows-x86_64-20140702\sdk

-build-setup:
[getbuildtools] Using latest Build Tools: 20.0.0
     [echo] Resolving Build Target for uiautomatertest...
[getuitarget] Project Target:   Android 4.4W
[getuitarget] API level:        20
     [echo] ----------
     [echo] Creating output directories if needed...

-pre-compile:

compile:

-post-compile:

-dex:
      [dex] input: E:\study\uiautomator\bin\classes
      [dex] Found Deleted Target File
      [dex] Converting compiled files and external libraries into E:\study\uiautomator\bin\classes.dex...

-post-dex:

-jar:
      [jar] Building jar: E:\study\uiautomator\bin\uiautomatertest.jar

-post-jar:

build:

BUILD SUCCESSFUL
Total time: 3 seconds
40 KB/s (6247 bytes in 0.152s)
INSTRUMENTATION_STATUS: numtests=1

INSTRUMENTATION_STATUS: stream=

com.Test1:

INSTRUMENTATION_STATUS: id=UiAutomatorTestRunner

INSTRUMENTATION_STATUS: test=testOFO

INSTRUMENTATION_STATUS: class=com.Test1

INSTRUMENTATION_STATUS: current=1

INSTRUMENTATION_STATUS_CODE: 1

INSTRUMENTATION_STATUS: numtests=1

INSTRUMENTATION_STATUS: stream=.

INSTRUMENTATION_STATUS: id=UiAutomatorTestRunner

INSTRUMENTATION_STATUS: test=testOFO

INSTRUMENTATION_STATUS: class=com.Test1

INSTRUMENTATION_STATUS: current=1

INSTRUMENTATION_STATUS_CODE: 0

INSTRUMENTATION_STATUS: stream=

Test results for WatcherResultPrinter=.

Time: 3.364



OK (1 test)





INSTRUMENTATION_STATUS_CODE: -1

Updated file E:\study\uiautomator\build.xml
Buildfile: E:\study\uiautomator\build.xml

-check-env:
 [checkenv] Android SDK Tools Revision 23.0.2
 [checkenv] Installed at E:\study\adt-bundle-windows-x86_64-20140702\sdk

-build-setup:
[getbuildtools] Using latest Build Tools: 20.0.0
     [echo] Resolving Build Target for uiautomatertest...
[getuitarget] Project Target:   Android 4.4W
[getuitarget] API level:        20
     [echo] ----------
     [echo] Creating output directories if needed...

-pre-compile:

compile:
    [javac] Compiling 1 source file to E:\study\uiautomator\bin\classes

-post-compile:

-dex:
      [dex] input: E:\study\uiautomator\bin\classes
      [dex] Found Deleted Target File
      [dex] Converting compiled files and external libraries into E:\study\uiautomator\bin\classes.dex...

-post-dex:

-jar:
      [jar] Building jar: E:\study\uiautomator\bin\uiautomatertest.jar

-post-jar:

build:

BUILD SUCCESSFUL
Total time: 4 seconds
23 KB/s (6379 bytes in 0.265s)
INSTRUMENTATION_STATUS: numtests=1

INSTRUMENTATION_STATUS: stream=

com.Test1:

INSTRUMENTATION_STATUS: id=UiAutomatorTestRunner

INSTRUMENTATION_STATUS: test=testOFO

INSTRUMENTATION_STATUS: class=com.Test1

INSTRUMENTATION_STATUS: current=1

INSTRUMENTATION_STATUS_CODE: 1

INSTRUMENTATION_STATUS: numtests=1

INSTRUMENTATION_STATUS: stream=

Error in testOFO:

com.android.uiautomator.core.UiObjectNotFoundException: UiSelector[RESOURCE_ID=labofo:id/tv_login_or_register]

	at com.android.uiautomator.core.UiObject.clickAndWaitForNewWindow(UiObject.java:432)

	at com.android.uiautomator.core.UiObject.clickAndWaitForNewWindow(UiObject.java:410)

	at com.Test1.testOFO(Test1.java:41)

	at java.lang.reflect.Method.invokeNative(Native Method)

	at com.android.uiautomator.testrunner.UiAutomatorTestRunner.start(UiAutomatorTestRunner.java:160)

	at com.android.uiautomator.testrunner.UiAutomatorTestRunner.run(UiAutomatorTestRunner.java:96)

	at com.android.commands.uiautomator.RunTestCommand.run(RunTestCommand.java:91)

	at com.android.commands.uiautomator.Launcher.main(Launcher.java:83)

	at com.android.internal.os.RuntimeInit.nativeFinishInit(Native Method)

	at com.android.internal.os.RuntimeInit.main(RuntimeInit.java:258)

	at dalvik.system.NativeStart.main(Native Method)



INSTRUMENTATION_STATUS: id=UiAutomatorTestRunner

INSTRUMENTATION_STATUS: test=testOFO

INSTRUMENTATION_STATUS: class=com.Test1

INSTRUMENTATION_STATUS: stack=com.android.uiautomator.core.UiObjectNotFoundException: UiSelector[RESOURCE_ID=labofo:id/tv_login_or_register]

	at com.android.uiautomator.core.UiObject.clickAndWaitForNewWindow(UiObject.java:432)

	at com.android.uiautomator.core.UiObject.clickAndWaitForNewWindow(UiObject.java:410)

	at com.Test1.testOFO(Test1.java:41)

	at java.lang.reflect.Method.invokeNative(Native Method)

	at com.android.uiautomator.testrunner.UiAutomatorTestRunner.start(UiAutomatorTestRunner.java:160)

	at com.android.uiautomator.testrunner.UiAutomatorTestRunner.run(UiAutomatorTestRunner.java:96)

	at com.android.commands.uiautomator.RunTestCommand.run(RunTestCommand.java:91)

	at com.android.commands.uiautomator.Launcher.main(Launcher.java:83)

	at com.android.internal.os.RuntimeInit.nativeFinishInit(Native Method)

	at com.android.internal.os.RuntimeInit.main(RuntimeInit.java:258)

	at dalvik.system.NativeStart.main(Native Method)



INSTRUMENTATION_STATUS: current=1

INSTRUMENTATION_STATUS_CODE: -1

INSTRUMENTATION_STATUS: stream=

Test results for WatcherResultPrinter=.E

Time: 15.698



FAILURES!!!

Tests run: 1,  Failures: 0,  Errors: 1





INSTRUMENTATION_STATUS_CODE: -1

Updated file E:\study\uiautomator\build.xml
Buildfile: E:\study\uiautomator\build.xml

-check-env:
 [checkenv] Android SDK Tools Revision 23.0.2
 [checkenv] Installed at E:\study\adt-bundle-windows-x86_64-20140702\sdk

-build-setup:
[getbuildtools] Using latest Build Tools: 20.0.0
     [echo] Resolving Build Target for uiautomatertest...
[getuitarget] Project Target:   Android 4.4W
[getuitarget] API level:        20
     [echo] ----------
     [echo] Creating output directories if needed...

-pre-compile:

compile:
    [javac] Compiling 1 source file to E:\study\uiautomator\bin\classes

-post-compile:

-dex:
      [dex] input: E:\study\uiautomator\bin\classes
      [dex] Found Deleted Target File
      [dex] Converting compiled files and external libraries into E:\study\uiautomator\bin\classes.dex...

-post-dex:

-jar:
      [jar] Building jar: E:\study\uiautomator\bin\uiautomatertest.jar

-post-jar:

build:

BUILD SUCCESSFUL
Total time: 4 seconds
40 KB/s (6378 bytes in 0.153s)
INSTRUMENTATION_STATUS: numtests=1

INSTRUMENTATION_STATUS: stream=

com.Test1:

INSTRUMENTATION_STATUS: id=UiAutomatorTestRunner

INSTRUMENTATION_STATUS: test=testOFO

INSTRUMENTATION_STATUS: class=com.Test1

INSTRUMENTATION_STATUS: current=1

INSTRUMENTATION_STATUS_CODE: 1

INSTRUMENTATION_STATUS: numtests=1

INSTRUMENTATION_STATUS: stream=

Error in testOFO:

com.android.uiautomator.core.UiObjectNotFoundException: UiSelector[RESOURCE_ID=labofo:id/tv_login_or_register]

	at com.android.uiautomator.core.UiObject.click(UiObject.java:392)

	at com.Test1.testOFO(Test1.java:41)

	at java.lang.reflect.Method.invokeNative(Native Method)

	at com.android.uiautomator.testrunner.UiAutomatorTestRunner.start(UiAutomatorTestRunner.java:160)

	at com.android.uiautomator.testrunner.UiAutomatorTestRunner.run(UiAutomatorTestRunner.java:96)

	at com.android.commands.uiautomator.RunTestCommand.run(RunTestCommand.java:91)

	at com.android.commands.uiautomator.Launcher.main(Launcher.java:83)

	at com.android.internal.os.RuntimeInit.nativeFinishInit(Native Method)

	at com.android.internal.os.RuntimeInit.main(RuntimeInit.java:258)

	at dalvik.system.NativeStart.main(Native Method)



INSTRUMENTATION_STATUS: id=UiAutomatorTestRunner

INSTRUMENTATION_STATUS: test=testOFO

INSTRUMENTATION_STATUS: class=com.Test1

INSTRUMENTATION_STATUS: stack=com.android.uiautomator.core.UiObjectNotFoundException: UiSelector[RESOURCE_ID=labofo:id/tv_login_or_register]

	at com.android.uiautomator.core.UiObject.click(UiObject.java:392)

	at com.Test1.testOFO(Test1.java:41)

	at java.lang.reflect.Method.invokeNative(Native Method)

	at com.android.uiautomator.testrunner.UiAutomatorTestRunner.start(UiAutomatorTestRunner.java:160)

	at com.android.uiautomator.testrunner.UiAutomatorTestRunner.run(UiAutomatorTestRunner.java:96)

	at com.android.commands.uiautomator.RunTestCommand.run(RunTestCommand.java:91)

	at com.android.commands.uiautomator.Launcher.main(Launcher.java:83)

	at com.android.internal.os.RuntimeInit.nativeFinishInit(Native Method)

	at com.android.internal.os.RuntimeInit.main(RuntimeInit.java:258)

	at dalvik.system.NativeStart.main(Native Method)



INSTRUMENTATION_STATUS: current=1

INSTRUMENTATION_STATUS_CODE: -1

INSTRUMENTATION_STATUS: stream=

Test results for WatcherResultPrinter=.E

Time: 14.827



FAILURES!!!

Tests run: 1,  Failures: 0,  Errors: 1





INSTRUMENTATION_STATUS_CODE: -1

Updated file E:\study\uiautomator\build.xml
Buildfile: E:\study\uiautomator\build.xml

-check-env:
 [checkenv] Android SDK Tools Revision 23.0.2
 [checkenv] Installed at E:\study\adt-bundle-windows-x86_64-20140702\sdk

-build-setup:
[getbuildtools] Using latest Build Tools: 20.0.0
     [echo] Resolving Build Target for uiautomatertest...
[getuitarget] Project Target:   Android 4.4W
[getuitarget] API level:        20
     [echo] ----------
     [echo] Creating output directories if needed...

-pre-compile:

compile:
    [javac] Compiling 1 source file to E:\study\uiautomator\bin\classes

-post-compile:

-dex:
      [dex] input: E:\study\uiautomator\bin\classes
      [dex] Found Deleted Target File
      [dex] Converting compiled files and external libraries into E:\study\uiautomator\bin\classes.dex...

-post-dex:

-jar:
      [jar] Building jar: E:\study\uiautomator\bin\uiautomatertest.jar

-post-jar:

build:

BUILD SUCCESSFUL
Total time: 4 seconds
28 KB/s (6462 bytes in 0.221s)
INSTRUMENTATION_STATUS: numtests=1

INSTRUMENTATION_STATUS: stream=

com.Test1:

INSTRUMENTATION_STATUS: id=UiAutomatorTestRunner

INSTRUMENTATION_STATUS: test=testOFO

INSTRUMENTATION_STATUS: class=com.Test1

INSTRUMENTATION_STATUS: current=1

INSTRUMENTATION_STATUS_CODE: 1

INSTRUMENTATION_STATUS: numtests=1

INSTRUMENTATION_STATUS: stream=

Error in testOFO:

com.android.uiautomator.core.UiObjectNotFoundException: UiSelector[RESOURCE_ID=labofo:id/tv_login_or_register]

	at com.android.uiautomator.core.UiObject.click(UiObject.java:392)

	at com.Test1.testOFO(Test1.java:41)

	at java.lang.reflect.Method.invokeNative(Native Method)

	at com.android.uiautomator.testrunner.UiAutomatorTestRunner.start(UiAutomatorTestRunner.java:160)

	at com.android.uiautomator.testrunner.UiAutomatorTestRunner.run(UiAutomatorTestRunner.java:96)

	at com.android.commands.uiautomator.RunTestCommand.run(RunTestCommand.java:91)

	at com.android.commands.uiautomator.Launcher.main(Launcher.java:83)

	at com.android.internal.os.RuntimeInit.nativeFinishInit(Native Method)

	at com.android.internal.os.RuntimeInit.main(RuntimeInit.java:258)

	at dalvik.system.NativeStart.main(Native Method)



INSTRUMENTATION_STATUS: id=UiAutomatorTestRunner

INSTRUMENTATION_STATUS: test=testOFO

INSTRUMENTATION_STATUS: class=com.Test1

INSTRUMENTATION_STATUS: stack=com.android.uiautomator.core.UiObjectNotFoundException: UiSelector[RESOURCE_ID=labofo:id/tv_login_or_register]

	at com.android.uiautomator.core.UiObject.click(UiObject.java:392)

	at com.Test1.testOFO(Test1.java:41)

	at java.lang.reflect.Method.invokeNative(Native Method)

	at com.android.uiautomator.testrunner.UiAutomatorTestRunner.start(UiAutomatorTestRunner.java:160)

	at com.android.uiautomator.testrunner.UiAutomatorTestRunner.run(UiAutomatorTestRunner.java:96)

	at com.android.commands.uiautomator.RunTestCommand.run(RunTestCommand.java:91)

	at com.android.commands.uiautomator.Launcher.main(Launcher.java:83)

	at com.android.internal.os.RuntimeInit.nativeFinishInit(Native Method)

	at com.android.internal.os.RuntimeInit.main(RuntimeInit.java:258)

	at dalvik.system.NativeStart.main(Native Method)



INSTRUMENTATION_STATUS: current=1

INSTRUMENTATION_STATUS_CODE: -1

INSTRUMENTATION_STATUS: stream=

Test results for WatcherResultPrinter=.E

Time: 14.245



FAILURES!!!

Tests run: 1,  Failures: 0,  Errors: 1





INSTRUMENTATION_STATUS_CODE: -1

